\BOOKMARK [1][-]{section.1}{\376\377\137\025\212\000}{}% 1
\BOOKMARK [2][-]{subsection.1.1}{\376\377\143\320\121\372\225\356\230\230\377\010\0003\0000\0000\000-\0005\0000\0000\133\127\377\011}{section.1}% 2
\BOOKMARK [3][-]{subsubsection.1.1.1}{\376\377\116\011\176\247\150\007\230\230}{subsection.1.1}% 3
\BOOKMARK [3][-]{subsubsection.1.1.2}{\376\377\116\011\176\247\150\007\230\230}{subsection.1.1}% 4
\BOOKMARK [2][-]{subsection.1.2}{\376\377\154\102\211\343\145\271\150\110\122\006\147\220\377\010\0003\0000\0000\000-\0005\0000\0000\133\127\377\011}{section.1}% 5
\BOOKMARK [2][-]{subsection.1.3}{\376\377\213\272\145\207\151\202\217\360\377\010\0002\0000\0000\133\127\377\011}{section.1}% 6
\BOOKMARK [1][-]{section.2}{\376\377\145\160\143\156\131\004\164\006\116\016\152\041\127\213\147\204\136\372}{}% 7
\BOOKMARK [2][-]{subsection.2.1}{\376\377\000U\000N\000S\000W\000-\000N\000B\0001\0005\145\160\143\156\226\306}{section.2}% 8
\BOOKMARK [3][-]{subsubsection.2.1.1}{\376\377\145\160\143\156\226\306\122\006\174\173\140\305\121\265}{subsection.2.1}% 9
\BOOKMARK [3][-]{subsubsection.2.1.2}{\376\377\145\160\143\156\226\306\162\171\137\201\140\305\121\265}{subsection.2.1}% 10
\BOOKMARK [3][-]{subsubsection.2.1.3}{\376\377\145\160\143\156\122\006\136\003\140\305\121\265}{subsection.2.1}% 11
\BOOKMARK [2][-]{subsection.2.2}{\376\377\145\160\143\156\230\204\131\004\164\006}{section.2}% 12
\BOOKMARK [2][-]{subsection.2.3}{\376\377\173\227\154\325\116\011\377\010\0003\0000\0000\000-\0005\0000\0000\133\127\377\011}{section.2}% 13
\BOOKMARK [1][-]{section.3}{\376\377\173\227\154\325\133\236\163\260\143\317\217\360}{}% 14
\BOOKMARK [2][-]{subsection.3.1}{\376\377\173\227\154\325\140\073\117\123\150\106\147\266\377\010\000>\0005\0000\0000\133\127\377\011}{section.3}% 15
\BOOKMARK [2][-]{subsection.3.2}{\376\377\145\071\217\333\116\000\123\312\122\006\147\220\377\010\000>\0005\0000\0000\133\127\377\011}{section.3}% 16
\BOOKMARK [2][-]{subsection.3.3}{\376\377\145\071\217\333\116\214\123\312\122\006\147\220\377\010\000>\0005\0000\0000\133\127\377\011}{section.3}% 17
\BOOKMARK [1][-]{section.4}{\376\377\133\236\232\214\143\317\217\360}{}% 18
\BOOKMARK [2][-]{subsection.4.1}{\376\377\133\236\232\214\145\160\143\156\124\214\133\236\232\214\145\271\150\110\000\040\377\010\000>\0005\0000\0000\133\127\377\011}{section.4}% 19
\BOOKMARK [2][-]{subsection.4.2}{\376\377\133\236\232\214\116\000\123\312\176\323\147\234\122\006\147\220\000\040\377\010\000>\0005\0000\0000\133\127\377\011}{section.4}% 20
\BOOKMARK [2][-]{subsection.4.3}{\376\377\133\236\232\214\116\214\123\312\176\323\147\234\122\006\147\220\000\040\377\010\000>\0005\0000\0000\133\127\377\011}{section.4}% 21
\BOOKMARK [1][-]{section.5}{\376\377\176\323\213\272\377\010\0005\0000\0000\133\127\377\011}{}% 22
\BOOKMARK [1][-]{section.6}{\376\377\133\146\116\140\117\123\117\032\124\214\136\372\213\256\377\010\0003\0000\0000\133\127\377\011}{}% 23
\BOOKMARK [1][-]{appendix.A}{\376\377\226\104\137\125}{}% 24
